[17-Sep-2018 21:41:05 UTC] PHP Parse error:  syntax error, unexpected ',' in /home/ubuntu/workspace/CST336/labs/lab2/inc/functions.php on line 31
[17-Sep-2018 21:41:05 UTC] PHP Stack trace:
[17-Sep-2018 21:41:05 UTC] PHP   1. {main}() /home/ubuntu/workspace/CST336/labs/lab2/index.php:0
[17-Sep-2018 21:41:16 UTC] PHP Warning:  Missing argument 4 for displayPoints(), called in /home/ubuntu/workspace/CST336/labs/lab2/inc/functions.php on line 8 and defined in /home/ubuntu/workspace/CST336/labs/lab2/inc/functions.php on line 29
[17-Sep-2018 21:41:16 UTC] PHP Stack trace:
[17-Sep-2018 21:41:16 UTC] PHP   1. {main}() /home/ubuntu/workspace/CST336/labs/lab2/index.php:0
[17-Sep-2018 21:41:16 UTC] PHP   2. play() /home/ubuntu/workspace/CST336/labs/lab2/index.php:16
[17-Sep-2018 21:41:16 UTC] PHP   3. displayPoints() /home/ubuntu/workspace/CST336/labs/lab2/inc/functions.php:8
[17-Sep-2018 21:41:19 UTC] PHP Warning:  Missing argument 4 for displayPoints(), called in /home/ubuntu/workspace/CST336/labs/lab2/inc/functions.php on line 8 and defined in /home/ubuntu/workspace/CST336/labs/lab2/inc/functions.php on line 29
[17-Sep-2018 21:41:19 UTC] PHP Stack trace:
[17-Sep-2018 21:41:19 UTC] PHP   1. {main}() /home/ubuntu/workspace/CST336/labs/lab2/index.php:0
[17-Sep-2018 21:41:19 UTC] PHP   2. play() /home/ubuntu/workspace/CST336/labs/lab2/index.php:16
[17-Sep-2018 21:41:19 UTC] PHP   3. displayPoints() /home/ubuntu/workspace/CST336/labs/lab2/inc/functions.php:8
[17-Sep-2018 21:41:20 UTC] PHP Warning:  Missing argument 4 for displayPoints(), called in /home/ubuntu/workspace/CST336/labs/lab2/inc/functions.php on line 8 and defined in /home/ubuntu/workspace/CST336/labs/lab2/inc/functions.php on line 29
[17-Sep-2018 21:41:20 UTC] PHP Stack trace:
[17-Sep-2018 21:41:20 UTC] PHP   1. {main}() /home/ubuntu/workspace/CST336/labs/lab2/index.php:0
[17-Sep-2018 21:41:20 UTC] PHP   2. play() /home/ubuntu/workspace/CST336/labs/lab2/index.php:16
[17-Sep-2018 21:41:20 UTC] PHP   3. displayPoints() /home/ubuntu/workspace/CST336/labs/lab2/inc/functions.php:8
[17-Sep-2018 21:41:21 UTC] PHP Warning:  Missing argument 4 for displayPoints(), called in /home/ubuntu/workspace/CST336/labs/lab2/inc/functions.php on line 8 and defined in /home/ubuntu/workspace/CST336/labs/lab2/inc/functions.php on line 29
[17-Sep-2018 21:41:21 UTC] PHP Stack trace:
[17-Sep-2018 21:41:21 UTC] PHP   1. {main}() /home/ubuntu/workspace/CST336/labs/lab2/index.php:0
[17-Sep-2018 21:41:21 UTC] PHP   2. play() /home/ubuntu/workspace/CST336/labs/lab2/index.php:16
[17-Sep-2018 21:41:21 UTC] PHP   3. displayPoints() /home/ubuntu/workspace/CST336/labs/lab2/inc/functions.php:8
